<?xml version="1.0" encoding="UTF-8"?>
<!-- Generated by org.testng.reporters.JUnitReportReporter -->
<testsuite hostname="DESKTOP-L5OTFUG" failures="0" tests="4"
	name="app.petstore.testcases.UserTests" time="7.228" errors="0"
	timestamp="15 Jun 2023 05:17:01 GMT">
	<testcase classname="app.petstore.testcases.UserTests"
		name="testPostUser" time="3.746" />
	<testcase classname="app.petstore.testcases.UserTests"
		name="testgetUser" time="1.156" />
	<testcase classname="app.petstore.testcases.UserTests"
		name="updateUser" time="1.178" />
	<testcase classname="app.petstore.testcases.UserTests"
		name="deleteUser" time="1.148" />
</testsuite> <!-- app.petstore.testcases.UserTests -->
