<?xml version="1.0" encoding="UTF-8"?>
<!-- Generated by org.testng.reporters.JUnitReportReporter -->
<testsuite hostname="DESKTOP-L5OTFUG" failures="0" tests="2" name="app.petstore.testcases.DataDrivenTests" time="4.168" errors="0" timestamp="17 Jun 2023 09:05:33 GMT">
  <testcase classname="app.petstore.testcases.DataDrivenTests" name="testgetuser" time="3.068"/>
  <testcase classname="app.petstore.testcases.DataDrivenTests" name="testgetuser" time="1.100"/>
</testsuite> <!-- app.petstore.testcases.DataDrivenTests -->
